<?xml version="1.0" encoding="UTF-8"?>
<testng-results skipped="0" failed="1" ignored="0" total="1" passed="0">
  <reporter-output>
  </reporter-output>
  <suite name="Default suite" duration-ms="4209" started-at="2020-10-08T04:12:56Z" finished-at="2020-10-08T04:13:01Z">
    <groups>
      <group name="cucumber">
        <method signature="AbstractTestNGCucumberTests.runScenario(io.cucumber.testng.PickleWrapper, io.cucumber.testng.FeatureWrapper)[pri:0, instance:cucumberOptions.TestRunner@4f638935]" name="runScenario" class="io.cucumber.testng.AbstractTestNGCucumberTests"/>
      </group> <!-- cucumber -->
    </groups>
    <test name="Default test" duration-ms="4209" started-at="2020-10-08T04:12:56Z" finished-at="2020-10-08T04:13:01Z">
      <class name="cucumberOptions.TestRunner">
        <test-method status="PASS" signature="setUpClass()[pri:0, instance:cucumberOptions.TestRunner@4f638935]" name="setUpClass" is-config="true" duration-ms="820" started-at="2020-10-08T04:12:56Z" finished-at="2020-10-08T04:12:57Z">
          <reporter-output>
          </reporter-output>
        </test-method> <!-- setUpClass -->
        <test-method status="FAIL" signature="runScenario(io.cucumber.testng.PickleWrapper, io.cucumber.testng.FeatureWrapper)[pri:0, instance:cucumberOptions.TestRunner@4f638935]" name="runScenario" duration-ms="3135" started-at="2020-10-08T04:12:57Z" description="Runs Cucumber Scenarios" data-provider="scenarios" finished-at="2020-10-08T04:13:00Z">
          <params>
            <param index="0">
              <value>
                <![CDATA["White Box Testing"]]>
              </value>
            </param>
            <param index="1">
              <value>
                <![CDATA["Optional[White Box Testing Of Brandintelle Application]"]]>
              </value>
            </param>
          </params>
          <exception class="org.openqa.selenium.SessionNotCreatedException">
            <message>
              <![CDATA[session not created: This version of ChromeDriver only supports Chrome version 84
Build info: version: '3.141.59', revision: 'e82be7d358', time: '2018-11-14T08:17:03'
System info: host: 'DESKTOP-O2K3836', ip: '192.168.0.101', os.name: 'Windows 10', os.arch: 'amd64', os.version: '10.0', java.version: '1.8.0_251'
Driver info: driver.version: ChromeDriver
remote stacktrace: Backtrace:
Ordinal0 [0x006187E3+2852835]
Ordinal0 [0x00505BB1+1727409]
Ordinal0 [0x003DE4B9+517305]
Ordinal0 [0x00370BA0+68512]
Ordinal0 [0x0036D3A0+54176]
Ordinal0 [0x0038D9F7+186871]
Ordinal0 [0x0038D7FD+186365]
Ordinal0 [0x0038B70B+177931]
Ordinal0 [0x00372584+75140]
Ordinal0 [0x00373650+79440]
Ordinal0 [0x003735E9+79337]
Ordinal0 [0x0051AD5C+1813852]
GetHandleVerifier [0x0073C616+1075574]
GetHandleVerifier [0x0073C367+1074887]
GetHandleVerifier [0x00747497+1120247]
GetHandleVerifier [0x0073CC16+1077110]
Ordinal0 [0x00513206+1782278]
Ordinal0 [0x0051C3BB+1819579]
Ordinal0 [0x0051C523+1819939]
Ordinal0 [0x00532B45+1911621]
BaseThreadInitThunk [0x76156359+25]
RtlGetAppContainerNamedObjectPath [0x77DE7C24+228]
RtlGetAppContainerNamedObjectPath [0x77DE7BF4+180]
]]>
            </message>
            <full-stacktrace>
              <![CDATA[org.openqa.selenium.SessionNotCreatedException: session not created: This version of ChromeDriver only supports Chrome version 84
Build info: version: '3.141.59', revision: 'e82be7d358', time: '2018-11-14T08:17:03'
System info: host: 'DESKTOP-O2K3836', ip: '192.168.0.101', os.name: 'Windows 10', os.arch: 'amd64', os.version: '10.0', java.version: '1.8.0_251'
Driver info: driver.version: ChromeDriver
remote stacktrace: Backtrace:
Ordinal0 [0x006187E3+2852835]
Ordinal0 [0x00505BB1+1727409]
Ordinal0 [0x003DE4B9+517305]
Ordinal0 [0x00370BA0+68512]
Ordinal0 [0x0036D3A0+54176]
Ordinal0 [0x0038D9F7+186871]
Ordinal0 [0x0038D7FD+186365]
Ordinal0 [0x0038B70B+177931]
Ordinal0 [0x00372584+75140]
Ordinal0 [0x00373650+79440]
Ordinal0 [0x003735E9+79337]
Ordinal0 [0x0051AD5C+1813852]
GetHandleVerifier [0x0073C616+1075574]
GetHandleVerifier [0x0073C367+1074887]
GetHandleVerifier [0x00747497+1120247]
GetHandleVerifier [0x0073CC16+1077110]
Ordinal0 [0x00513206+1782278]
Ordinal0 [0x0051C3BB+1819579]
Ordinal0 [0x0051C523+1819939]
Ordinal0 [0x00532B45+1911621]
BaseThreadInitThunk [0x76156359+25]
RtlGetAppContainerNamedObjectPath [0x77DE7C24+228]
RtlGetAppContainerNamedObjectPath [0x77DE7BF4+180]

at sun.reflect.NativeConstructorAccessorImpl.newInstance0(Native Method)
at sun.reflect.NativeConstructorAccessorImpl.newInstance(Unknown Source)
at sun.reflect.DelegatingConstructorAccessorImpl.newInstance(Unknown Source)
at java.lang.reflect.Constructor.newInstance(Unknown Source)
at org.openqa.selenium.remote.W3CHandshakeResponse.lambda$errorHandler$0(W3CHandshakeResponse.java:62)
at org.openqa.selenium.remote.HandshakeResponse.lambda$getResponseFunction$0(HandshakeResponse.java:30)
at org.openqa.selenium.remote.ProtocolHandshake.lambda$createSession$0(ProtocolHandshake.java:126)
at java.util.stream.ReferencePipeline$3$1.accept(Unknown Source)
at java.util.Spliterators$ArraySpliterator.tryAdvance(Unknown Source)
at java.util.stream.ReferencePipeline.forEachWithCancel(Unknown Source)
at java.util.stream.AbstractPipeline.copyIntoWithCancel(Unknown Source)
at java.util.stream.AbstractPipeline.copyInto(Unknown Source)
at java.util.stream.AbstractPipeline.wrapAndCopyInto(Unknown Source)
at java.util.stream.FindOps$FindOp.evaluateSequential(Unknown Source)
at java.util.stream.AbstractPipeline.evaluate(Unknown Source)
at java.util.stream.ReferencePipeline.findFirst(Unknown Source)
at org.openqa.selenium.remote.ProtocolHandshake.createSession(ProtocolHandshake.java:128)
at org.openqa.selenium.remote.ProtocolHandshake.createSession(ProtocolHandshake.java:74)
at org.openqa.selenium.remote.HttpCommandExecutor.execute(HttpCommandExecutor.java:136)
at org.openqa.selenium.remote.service.DriverCommandExecutor.execute(DriverCommandExecutor.java:83)
at org.openqa.selenium.remote.RemoteWebDriver.execute(RemoteWebDriver.java:552)
at org.openqa.selenium.remote.RemoteWebDriver.startSession(RemoteWebDriver.java:213)
at org.openqa.selenium.remote.RemoteWebDriver.<init>(RemoteWebDriver.java:131)
at org.openqa.selenium.chrome.ChromeDriver.<init>(ChromeDriver.java:181)
at org.openqa.selenium.chrome.ChromeDriver.<init>(ChromeDriver.java:168)
at org.openqa.selenium.chrome.ChromeDriver.<init>(ChromeDriver.java:157)
at StepDefinationPkg.StepDefination.launch_the_browser_and_application(StepDefination.java:33)
at ✽.launch the browser and application(file:///E:/Automation%20testing/Selenium_Workspace/WhiteBoxBI/src/test/java/feature/Scenario.feature:3)
]]>
            </full-stacktrace>
          </exception> <!-- org.openqa.selenium.SessionNotCreatedException -->
          <reporter-output>
          </reporter-output>
        </test-method> <!-- runScenario -->
        <test-method status="PASS" signature="tearDownClass()[pri:0, instance:cucumberOptions.TestRunner@4f638935]" name="tearDownClass" is-config="true" duration-ms="216" started-at="2020-10-08T04:13:00Z" finished-at="2020-10-08T04:13:01Z">
          <reporter-output>
          </reporter-output>
        </test-method> <!-- tearDownClass -->
      </class> <!-- cucumberOptions.TestRunner -->
    </test> <!-- Default test -->
  </suite> <!-- Default suite -->
</testng-results>
